*** Using Compiler 'V6.22', folder: 'D:\TOOLS\keil\Keil_v5\ARM\ARMCLANG\Bin'
Rebuild target 'rm_test'
compiling Detect_Task.c...
compiling Referee_System.c...
compiling bsp_adc.c...
compiling Remote_Control.c...
compiling MiniPC.c...
compiling CAN_Task.c...
compiling bsp_pwm.c...
compiling bsp_gpio.c...
compiling Motor.c...
compiling Image_Transmission.c...
compiling INS_Task.c...
compiling Bmi088.c...
compiling bsp_can.c...
compiling bsp_uart.c...
compiling bsp_spi.c...
compiling Control_Task.c...
compiling PID.c...
compiling bsp_dwt.c...
compiling bsp_tick.c...
compiling bsp_mcu.c...
compiling Kalman_Filter.c...
compiling LPF.c...
compiling Ramp.c...
compiling RLS.c...
compiling CRC.c...
compiling Quaternion.c...
assembling startup_stm32h723xx.s...
compiling freertos.c...
compiling adc.c...
compiling bdma.c...
compiling gpio.c...
compiling dma.c...
compiling memorymap.c...
compiling fdcan.c...
compiling main.c...
compiling spi.c...
compiling tim.c...
compiling stm32h7xx_hal_msp.c...
compiling stm32h7xx_hal_timebase_tim.c...
compiling usart.c...
compiling stm32h7xx_it.c...
compiling stm32h7xx_hal_pcd.c...
compiling stm32h7xx_hal_pcd_ex.c...
compiling stm32h7xx_hal_hsem.c...
compiling stm32h7xx_hal_flash.c...
compiling stm32h7xx_hal_gpio.c...
compiling stm32h7xx_hal_pwr.c...
compiling stm32h7xx_ll_usb.c...
compiling stm32h7xx_hal_cortex.c...
compiling stm32h7xx_hal_flash_ex.c...
compiling stm32h7xx_hal_pwr_ex.c...
compiling stm32h7xx_hal_dma_ex.c...
compiling stm32h7xx_hal_rcc.c...
compiling stm32h7xx_hal_mdma.c...
compiling stm32h7xx_hal.c...
compiling stm32h7xx_hal_rcc_ex.c...
compiling stm32h7xx_hal_dma.c...
compiling croutine.c...
compiling event_groups.c...
compiling stm32h7xx_hal_exti.c...
compiling stm32h7xx_hal_i2c_ex.c...
compiling stm32h7xx_hal_spi_ex.c...
compiling system_stm32h7xx.c...
compiling list.c...
compiling stm32h7xx_hal_uart_ex.c...
compiling stm32h7xx_hal_adc_ex.c...
compiling stm32h7xx_hal_adc.c...
compiling stm32h7xx_hal_spi.c...
compiling stm32h7xx_hal_fdcan.c...
compiling timers.c...
compiling stm32h7xx_hal_tim_ex.c...
compiling stream_buffer.c...
compiling queue.c...
compiling stm32h7xx_hal_i2c.c...
compiling stm32h7xx_hal_uart.c...
compiling port.c...
compiling heap_4.c...
compiling cmsis_os.c...
compiling tasks.c...
compiling SEGGER_SYSVIEW_Config_FreeRTOS.c...
compiling SEGGER_SYSVIEW_FreeRTOS.c...
compiling stm32h7xx_hal_tim.c...
compiling SEGGER_RTT.c...
compiling usb_device.c...
compiling usbd_desc.c...
compiling SEGGER_SYSVIEW.c...
compiling usbd_cdc_if.c...
compiling usbd_ioreq.c...
compiling usbd_cdc.c...
compiling usbd_conf.c...
compiling usbd_ctlreq.c...
compiling usbd_core.c...
linking...
Program Size: Code=129592 RO-data=2144 RW-data=1272 ZI-data=96760  
FromELF: creating hex file...
".\rm_test\rm_test.axf" - 0 Error(s), 0 Warning(s).
Build Time Elapsed:  00:00:03
